<?xml version="1.0" encoding="UTF-8"?>
<!-- Generated by org.testng.reporters.JUnitReportReporter -->
<testsuite hostname="BLRNIDGWN05614" name="example.NewTest" tests="1" failures="0" timestamp="5 Sep 2019 13:14:06 GMT" time="5.052" errors="0">
  <testcase name="testEasy" time="5.052" classname="example.NewTest"/>
</testsuite> <!-- example.NewTest -->
